<?xml version="1.0" encoding="UTF-8"?>
<!-- Generated by org.testng.reporters.JUnitReportReporter -->
<testsuite hostname="siddharthagupta" failures="0" tests="2" name="DemoTest" time="0.003" errors="0" timestamp="2022-01-31T13:26:03 IST" skipped="0">
  <testcase classname="DemoTest" name="Method2" time="0.000"/>
  <system-out/>
  <testcase classname="DemoTest" name="Method1" time="0.003"/>
  <system-out/>
</testsuite> <!-- DemoTest -->
